<?xml version="1.0" encoding="UTF-8"?>
<coverage generated="1530744439368" clover="3.2.0">
  <project timestamp="1530744439368" name="All files">
    <metrics statements="231" coveredstatements="204" conditionals="102" coveredconditionals="73" methods="58" coveredmethods="45" elements="391" coveredelements="322" complexity="0" loc="231" ncloc="231" packages="2" files="3" classes="3">
      <package name="__test__">
        <metrics statements="37" coveredstatements="25" conditionals="11" coveredconditionals="6" methods="15" coveredmethods="11"/>
        <file name="fixtures.ts" path="/modules/js/sdkzer/__test__/fixtures.ts">
          <metrics statements="37" coveredstatements="25" conditionals="11" coveredconditionals="6" methods="15" coveredmethods="11"/>
          <line num="11" count="2" type="stmt"/>
          <line num="12" count="2" type="stmt"/>
          <line num="14" count="2" type="stmt"/>
          <line num="15" count="2" type="stmt"/>
          <line num="16" count="17" type="stmt"/>
          <line num="19" count="2" type="stmt"/>
          <line num="20" count="72" type="stmt"/>
          <line num="26" count="2" type="stmt"/>
          <line num="28" count="0" type="stmt"/>
          <line num="34" count="0" type="stmt"/>
          <line num="37" count="2" type="stmt"/>
          <line num="38" count="0" type="stmt"/>
          <line num="40" count="0" type="cond" truecount="0" falsecount="2"/>
          <line num="41" count="0" type="stmt"/>
          <line num="42" count="0" type="stmt"/>
          <line num="45" count="0" type="stmt"/>
          <line num="48" count="0" type="stmt"/>
          <line num="50" count="2" type="stmt"/>
          <line num="52" count="2" type="stmt"/>
          <line num="53" count="27" type="stmt"/>
          <line num="60" count="4" type="cond" truecount="3" falsecount="0"/>
          <line num="61" count="4" type="stmt"/>
          <line num="63" count="4" type="stmt"/>
          <line num="66" count="4" type="stmt"/>
          <line num="69" count="2" type="stmt"/>
          <line num="71" count="2" type="cond" truecount="3" falsecount="0"/>
          <line num="72" count="2" type="stmt"/>
          <line num="74" count="2" type="stmt"/>
          <line num="77" count="2" type="stmt"/>
          <line num="78" count="2" type="stmt"/>
          <line num="81" count="2" type="stmt"/>
          <line num="83" count="2" type="cond" truecount="0" falsecount="3"/>
          <line num="84" count="0" type="stmt"/>
          <line num="85" count="0" type="stmt"/>
          <line num="86" count="0" type="stmt"/>
          <line num="87" count="0" type="stmt"/>
          <line num="89" count="2" type="stmt"/>
        </file>
      </package>
      <package name="src">
        <metrics statements="194" coveredstatements="179" conditionals="91" coveredconditionals="67" methods="43" coveredmethods="34"/>
        <file name="howerest.sdkzer.ts" path="/modules/js/sdkzer/src/howerest.sdkzer.ts">
          <metrics statements="176" coveredstatements="161" conditionals="89" coveredconditionals="65" methods="38" coveredmethods="29"/>
          <line num="16" count="2" type="stmt"/>
          <line num="19" count="2" type="stmt"/>
          <line num="24" count="61" type="stmt"/>
          <line num="25" count="61" type="stmt"/>
          <line num="26" count="61" type="stmt"/>
          <line num="29" count="2" type="stmt"/>
          <line num="30" count="2" type="stmt"/>
          <line num="31" count="2" type="stmt"/>
          <line num="32" count="2" type="stmt"/>
          <line num="59" count="92" type="cond" truecount="2" falsecount="0"/>
          <line num="60" count="61" type="stmt"/>
          <line num="61" count="61" type="stmt"/>
          <line num="63" count="61" type="stmt"/>
          <line num="65" count="61" type="stmt"/>
          <line num="67" count="40" type="stmt"/>
          <line num="68" count="40" type="stmt"/>
          <line num="78" count="2" type="stmt"/>
          <line num="79" count="0" type="cond" truecount="0" falsecount="2"/>
          <line num="80" count="0" type="stmt"/>
          <line num="81" count="0" type="stmt"/>
          <line num="82" count="0" type="stmt"/>
          <line num="94" count="2" type="stmt"/>
          <line num="95" count="0" type="cond" truecount="0" falsecount="2"/>
          <line num="102" count="2" type="stmt"/>
          <line num="103" count="0" type="cond" truecount="0" falsecount="2"/>
          <line num="110" count="2" type="stmt"/>
          <line num="111" count="0" type="cond" truecount="0" falsecount="2"/>
          <line num="119" count="2" type="stmt"/>
          <line num="120" count="0" type="cond" truecount="0" falsecount="2"/>
          <line num="121" count="0" type="stmt"/>
          <line num="123" count="0" type="stmt"/>
          <line num="131" count="2" type="stmt"/>
          <line num="132" count="62" type="cond" truecount="1" falsecount="1"/>
          <line num="133" count="62" type="stmt"/>
          <line num="134" count="62" type="stmt"/>
          <line num="135" count="88" type="stmt"/>
          <line num="145" count="2" type="stmt"/>
          <line num="146" count="45" type="stmt"/>
          <line num="153" count="2" type="stmt"/>
          <line num="154" count="2" type="stmt"/>
          <line num="155" count="2" type="stmt"/>
          <line num="156" count="1" type="cond" truecount="3" falsecount="1"/>
          <line num="157" count="1" type="stmt"/>
          <line num="160" count="1" type="stmt"/>
          <line num="166" count="2" type="stmt"/>
          <line num="167" count="3" type="stmt"/>
          <line num="168" count="3" type="stmt"/>
          <line num="171" count="6" type="stmt"/>
          <line num="172" count="6" type="stmt"/>
          <line num="173" count="4" type="cond" truecount="2" falsecount="0"/>
          <line num="174" count="1" type="cond" truecount="1" falsecount="1"/>
          <line num="175" count="1" type="stmt"/>
          <line num="177" count="1" type="stmt"/>
          <line num="179" count="3" type="stmt"/>
          <line num="200" count="2" type="stmt"/>
          <line num="202" count="7" type="cond" truecount="4" falsecount="0"/>
          <line num="204" count="2" type="stmt"/>
          <line num="205" count="2" type="stmt"/>
          <line num="206" count="2" type="cond" truecount="2" falsecount="0"/>
          <line num="207" count="5" type="cond" truecount="3" falsecount="1"/>
          <line num="209" count="5" type="stmt"/>
          <line num="210" count="5" type="stmt"/>
          <line num="211" count="5" type="stmt"/>
          <line num="212" count="1" type="stmt"/>
          <line num="214" count="5" type="stmt"/>
          <line num="218" count="0" type="stmt"/>
          <line num="232" count="2" type="stmt"/>
          <line num="234" count="1" type="stmt"/>
          <line num="243" count="2" type="stmt"/>
          <line num="244" count="0" type="stmt"/>
          <line num="253" count="2" type="stmt"/>
          <line num="254" count="3" type="cond" truecount="4" falsecount="0"/>
          <line num="261" count="2" type="stmt"/>
          <line num="262" count="2" type="cond" truecount="2" falsecount="0"/>
          <line num="269" count="2" type="stmt"/>
          <line num="270" count="2" type="stmt"/>
          <line num="272" count="2" type="stmt"/>
          <line num="273" count="1" type="cond" truecount="1" falsecount="1"/>
          <line num="274" count="1" type="stmt"/>
          <line num="278" count="1" type="stmt"/>
          <line num="285" count="2" type="stmt"/>
          <line num="286" count="6" type="stmt"/>
          <line num="287" count="6" type="stmt"/>
          <line num="288" count="6" type="stmt"/>
          <line num="291" count="6" type="stmt"/>
          <line num="292" count="13" type="stmt"/>
          <line num="293" count="23" type="cond" truecount="5" falsecount="0"/>
          <line num="294" count="3" type="stmt"/>
          <line num="295" count="3" type="stmt"/>
          <line num="300" count="6" type="stmt"/>
          <line num="307" count="2" type="stmt"/>
          <line num="308" count="3" type="stmt"/>
          <line num="309" count="3" type="stmt"/>
          <line num="310" count="6" type="cond" truecount="2" falsecount="0"/>
          <line num="311" count="4" type="cond" truecount="2" falsecount="0"/>
          <line num="315" count="3" type="stmt"/>
          <line num="322" count="2" type="stmt"/>
          <line num="323" count="1" type="stmt"/>
          <line num="330" count="16" type="cond" truecount="1" falsecount="1"/>
          <line num="331" count="8" type="stmt"/>
          <line num="334" count="8" type="cond" truecount="2" falsecount="0"/>
          <line num="335" count="7" type="stmt"/>
          <line num="337" count="7" type="stmt"/>
          <line num="345" count="7" type="cond" truecount="2" falsecount="0"/>
          <line num="346" count="1" type="stmt"/>
          <line num="349" count="7" type="stmt"/>
          <line num="350" count="7" type="stmt"/>
          <line num="351" count="7" type="stmt"/>
          <line num="354" count="6" type="stmt"/>
          <line num="357" count="6" type="stmt"/>
          <line num="359" count="6" type="cond" truecount="1" falsecount="1"/>
          <line num="363" count="6" type="stmt"/>
          <line num="365" count="6" type="stmt"/>
          <line num="369" count="1" type="stmt"/>
          <line num="374" count="8" type="cond" truecount="2" falsecount="0"/>
          <line num="375" count="1" type="stmt"/>
          <line num="378" count="8" type="stmt"/>
          <line num="386" count="2" type="stmt"/>
          <line num="387" count="14" type="cond" truecount="4" falsecount="0"/>
          <line num="388" count="1" type="stmt"/>
          <line num="390" count="13" type="stmt"/>
          <line num="398" count="2" type="stmt"/>
          <line num="399" count="4" type="stmt"/>
          <line num="406" count="2" type="stmt"/>
          <line num="408" count="0" type="stmt"/>
          <line num="415" count="2" type="stmt"/>
          <line num="416" count="4" type="stmt"/>
          <line num="418" count="2" type="stmt"/>
          <line num="419" count="2" type="stmt"/>
          <line num="421" count="2" type="stmt"/>
          <line num="422" count="2" type="stmt"/>
          <line num="425" count="4" type="stmt"/>
          <line num="432" count="6" type="cond" truecount="1" falsecount="1"/>
          <line num="433" count="3" type="stmt"/>
          <line num="436" count="3" type="cond" truecount="2" falsecount="0"/>
          <line num="439" count="3" type="cond" truecount="2" falsecount="0"/>
          <line num="440" count="2" type="stmt"/>
          <line num="450" count="1" type="stmt"/>
          <line num="459" count="3" type="stmt"/>
          <line num="460" count="3" type="stmt"/>
          <line num="463" count="3" type="cond" truecount="2" falsecount="0"/>
          <line num="465" count="2" type="stmt"/>
          <line num="467" count="3" type="stmt"/>
          <line num="476" count="2" type="stmt"/>
          <line num="480" count="1" type="stmt"/>
          <line num="487" count="1" type="stmt"/>
          <line num="488" count="1" type="stmt"/>
          <line num="495" count="3" type="stmt"/>
          <line num="499" count="3" type="stmt"/>
          <line num="502" count="3" type="stmt"/>
          <line num="503" count="3" type="stmt"/>
          <line num="511" count="3" type="cond" truecount="2" falsecount="0"/>
          <line num="512" count="1" type="stmt"/>
          <line num="515" count="3" type="stmt"/>
          <line num="516" count="3" type="stmt"/>
          <line num="517" count="3" type="stmt"/>
          <line num="518" count="9" type="stmt"/>
          <line num="519" count="9" type="stmt"/>
          <line num="520" count="9" type="stmt"/>
          <line num="522" count="3" type="stmt"/>
          <line num="524" count="0" type="stmt"/>
          <line num="528" count="3" type="stmt"/>
          <line num="537" count="3" type="stmt"/>
          <line num="538" count="3" type="stmt"/>
          <line num="544" count="3" type="stmt"/>
          <line num="545" count="3" type="stmt"/>
          <line num="553" count="3" type="cond" truecount="2" falsecount="0"/>
          <line num="554" count="1" type="stmt"/>
          <line num="557" count="3" type="stmt"/>
          <line num="558" count="3" type="stmt"/>
          <line num="559" count="3" type="stmt"/>
          <line num="560" count="3" type="stmt"/>
          <line num="561" count="3" type="stmt"/>
          <line num="563" count="0" type="stmt"/>
          <line num="566" count="3" type="stmt"/>
          <line num="568" count="2" type="stmt"/>
        </file>
        <file name="validation_rule.ts" path="/modules/js/sdkzer/src/validation_rule.ts">
          <metrics statements="18" coveredstatements="18" conditionals="2" coveredconditionals="2" methods="5" coveredmethods="5"/>
          <line num="12" count="2" type="stmt"/>
          <line num="13" count="12" type="stmt"/>
          <line num="17" count="12" type="stmt"/>
          <line num="20" count="12" type="stmt"/>
          <line num="21" count="12" type="stmt"/>
          <line num="27" count="2" type="stmt"/>
          <line num="28" count="1" type="stmt"/>
          <line num="34" count="2" type="stmt"/>
          <line num="35" count="7" type="stmt"/>
          <line num="36" count="7" type="stmt"/>
          <line num="39" count="7" type="stmt"/>
          <line num="41" count="7" type="stmt"/>
          <line num="42" count="12" type="cond" truecount="2" falsecount="0"/>
          <line num="43" count="2" type="stmt"/>
          <line num="46" count="5" type="stmt"/>
          <line num="52" count="2" type="stmt"/>
          <line num="53" count="3" type="stmt"/>
          <line num="55" count="2" type="stmt"/>
        </file>
      </package>
    </metrics>
  </project>
</coverage>
