{"total": {"lines":{"total":171,"covered":171,"skipped":0,"pct":100},"statements":{"total":179,"covered":179,"skipped":0,"pct":100},"functions":{"total":41,"covered":34,"skipped":0,"pct":82.92},"branches":{"total":84,"covered":70,"skipped":0,"pct":83.33},"branchesTrue":{"total":0,"covered":0,"skipped":0,"pct":"Unknown"}}
,"/home/me/shared_MAIN/sdkzer/src/howerest.sdkzer.ts": {"lines":{"total":157,"covered":157,"skipped":0,"pct":100},"functions":{"total":37,"covered":30,"skipped":0,"pct":81.08},"statements":{"total":164,"covered":164,"skipped":0,"pct":100},"branches":{"total":83,"covered":69,"skipped":0,"pct":83.13}}
,"/home/me/shared_MAIN/sdkzer/src/validation_rule.ts": {"lines":{"total":14,"covered":14,"skipped":0,"pct":100},"functions":{"total":4,"covered":4,"skipped":0,"pct":100},"statements":{"total":15,"covered":15,"skipped":0,"pct":100},"branches":{"total":1,"covered":1,"skipped":0,"pct":100}}
}
