{"/js/sdkzer/src/howerest.sdkzer.ts": {"path":"/js/sdkzer/src/howerest.sdkzer.ts","statementMap":{"0":{"start":{"line":16,"column":0},"end":{"line":16,"column":44}},"1":{"start":{"line":19,"column":0},"end":{"line":568,"column":0}},"2":{"start":{"line":59,"column":21},"end":{"line":59,"column":38}},"3":{"start":{"line":24,"column":10},"end":{"line":24,"column":38}},"4":{"start":{"line":25,"column":9},"end":{"line":25,"column":33}},"5":{"start":{"line":26,"column":9},"end":{"line":26,"column":54}},"6":{"start":{"line":60,"column":4},"end":{"line":60,"column":30}},"7":{"start":{"line":61,"column":4},"end":{"line":61,"column":31}},"8":{"start":{"line":63,"column":4},"end":{"line":63,"column":23}},"9":{"start":{"line":65,"column":4},"end":{"line":69,"column":5}},"10":{"start":{"line":67,"column":6},"end":{"line":67,"column":43}},"11":{"start":{"line":68,"column":6},"end":{"line":68,"column":44}},"12":{"start":{"line":78,"column":17},"end":{"line":88,"column":4}},"13":{"start":{"line":79,"column":5},"end":{"line":84,"column":6}},"14":{"start":{"line":80,"column":7},"end":{"line":80,"column":43}},"15":{"start":{"line":81,"column":7},"end":{"line":83,"column":8}},"16":{"start":{"line":82,"column":9},"end":{"line":82,"column":107}},"17":{"start":{"line":94,"column":18},"end":{"line":96,"column":4}},"18":{"start":{"line":95,"column":5},"end":{"line":95,"column":71}},"19":{"start":{"line":102,"column":18},"end":{"line":104,"column":4}},"20":{"start":{"line":103,"column":5},"end":{"line":103,"column":71}},"21":{"start":{"line":110,"column":18},"end":{"line":112,"column":4}},"22":{"start":{"line":111,"column":5},"end":{"line":111,"column":71}},"23":{"start":{"line":119,"column":18},"end":{"line":125,"column":4}},"24":{"start":{"line":120,"column":5},"end":{"line":124,"column":6}},"25":{"start":{"line":121,"column":7},"end":{"line":121,"column":64}},"26":{"start":{"line":123,"column":7},"end":{"line":123,"column":58}},"27":{"start":{"line":131,"column":9},"end":{"line":138,"column":3}},"28":{"start":{"line":132,"column":4},"end":{"line":137,"column":5}},"29":{"start":{"line":133,"column":21},"end":{"line":133,"column":36}},"30":{"start":{"line":134,"column":6},"end":{"line":136,"column":7}},"31":{"start":{"line":135,"column":8},"end":{"line":135,"column":48}},"32":{"start":{"line":145,"column":9},"end":{"line":147,"column":3}},"33":{"start":{"line":146,"column":4},"end":{"line":146,"column":14}},"34":{"start":{"line":153,"column":9},"end":{"line":161,"column":3}},"35":{"start":{"line":154,"column":18},"end":{"line":154,"column":51}},"36":{"start":{"line":155,"column":4},"end":{"line":159,"column":5}},"37":{"start":{"line":155,"column":22},"end":{"line":155,"column":21}},"38":{"start":{"line":156,"column":6},"end":{"line":158,"column":7}},"39":{"start":{"line":157,"column":8},"end":{"line":157,"column":21}},"40":{"start":{"line":160,"column":4},"end":{"line":160,"column":16}},"41":{"start":{"line":166,"column":9},"end":{"line":183,"column":3}},"42":{"start":{"line":167,"column":18},"end":{"line":167,"column":22}},"43":{"start":{"line":168,"column":28},"end":{"line":168,"column":61}},"44":{"start":{"line":171,"column":4},"end":{"line":182,"column":5}},"45":{"start":{"line":171,"column":8},"end":{"line":171,"column":22}},"46":{"start":{"line":172,"column":6},"end":{"line":181,"column":7}},"47":{"start":{"line":172,"column":10},"end":{"line":172,"column":24}},"48":{"start":{"line":173,"column":8},"end":{"line":180,"column":9}},"49":{"start":{"line":174,"column":10},"end":{"line":176,"column":11}},"50":{"start":{"line":175,"column":12},"end":{"line":175,"column":54}},"51":{"start":{"line":177,"column":10},"end":{"line":177,"column":83}},"52":{"start":{"line":179,"column":10},"end":{"line":179,"column":52}},"53":{"start":{"line":200,"column":10},"end":{"line":220,"column":4}},"54":{"start":{"line":202,"column":5},"end":{"line":219,"column":6}},"55":{"start":{"line":204,"column":22},"end":{"line":204,"column":41}},"56":{"start":{"line":205,"column":25},"end":{"line":205,"column":27}},"57":{"start":{"line":206,"column":7},"end":{"line":206,"column":113}},"58":{"start":{"line":207,"column":12},"end":{"line":219,"column":6}},"59":{"start":{"line":209,"column":22},"end":{"line":209,"column":41}},"60":{"start":{"line":210,"column":23},"end":{"line":210,"column":57}},"61":{"start":{"line":211,"column":7},"end":{"line":213,"column":8}},"62":{"start":{"line":212,"column":9},"end":{"line":212,"column":44}},"63":{"start":{"line":214,"column":7},"end":{"line":214,"column":24}},"64":{"start":{"line":218,"column":7},"end":{"line":218,"column":25}},"65":{"start":{"line":232,"column":9},"end":{"line":235,"column":3}},"66":{"start":{"line":234,"column":4},"end":{"line":234,"column":16}},"67":{"start":{"line":243,"column":9},"end":{"line":245,"column":3}},"68":{"start":{"line":244,"column":4},"end":{"line":244,"column":14}},"69":{"start":{"line":253,"column":9},"end":{"line":255,"column":3}},"70":{"start":{"line":254,"column":4},"end":{"line":254,"column":86}},"71":{"start":{"line":261,"column":9},"end":{"line":263,"column":3}},"72":{"start":{"line":262,"column":4},"end":{"line":262,"column":59}},"73":{"start":{"line":269,"column":9},"end":{"line":279,"column":3}},"74":{"start":{"line":270,"column":26},"end":{"line":270,"column":45}},"75":{"start":{"line":272,"column":4},"end":{"line":276,"column":5}},"76":{"start":{"line":273,"column":6},"end":{"line":275,"column":7}},"77":{"start":{"line":274,"column":8},"end":{"line":274,"column":20}},"78":{"start":{"line":278,"column":4},"end":{"line":278,"column":17}},"79":{"start":{"line":285,"column":9},"end":{"line":301,"column":3}},"80":{"start":{"line":286,"column":23},"end":{"line":286,"column":25}},"81":{"start":{"line":287,"column":20},"end":{"line":287,"column":46}},"82":{"start":{"line":288,"column":20},"end":{"line":288,"column":47}},"83":{"start":{"line":291,"column":4},"end":{"line":298,"column":5}},"84":{"start":{"line":292,"column":6},"end":{"line":297,"column":7}},"85":{"start":{"line":293,"column":8},"end":{"line":296,"column":9}},"86":{"start":{"line":294,"column":10},"end":{"line":294,"column":42}},"87":{"start":{"line":295,"column":10},"end":{"line":295,"column":16}},"88":{"start":{"line":300,"column":4},"end":{"line":300,"column":24}},"89":{"start":{"line":307,"column":9},"end":{"line":316,"column":3}},"90":{"start":{"line":308,"column":24},"end":{"line":308,"column":26}},"91":{"start":{"line":309,"column":4},"end":{"line":313,"column":5}},"92":{"start":{"line":310,"column":6},"end":{"line":312,"column":7}},"93":{"start":{"line":311,"column":8},"end":{"line":311,"column":86}},"94":{"start":{"line":315,"column":4},"end":{"line":315,"column":25}},"95":{"start":{"line":322,"column":9},"end":{"line":324,"column":3}},"96":{"start":{"line":323,"column":4},"end":{"line":323,"column":38}},"97":{"start":{"line":330,"column":9},"end":{"line":379,"column":3}},"98":{"start":{"line":330,"column":49},"end":{"line":330,"column":73}},"99":{"start":{"line":331,"column":16},"end":{"line":331,"column":20}},"100":{"start":{"line":334,"column":4},"end":{"line":372,"column":5}},"101":{"start":{"line":335,"column":6},"end":{"line":335,"column":26}},"102":{"start":{"line":337,"column":18},"end":{"line":343,"column":8}},"103":{"start":{"line":345,"column":6},"end":{"line":347,"column":7}},"104":{"start":{"line":346,"column":8},"end":{"line":346,"column":74}},"105":{"start":{"line":349,"column":20},"end":{"line":349,"column":54}},"106":{"start":{"line":350,"column":6},"end":{"line":350,"column":32}},"107":{"start":{"line":351,"column":6},"end":{"line":371,"column":8}},"108":{"start":{"line":354,"column":10},"end":{"line":354,"column":32}},"109":{"start":{"line":357,"column":27},"end":{"line":357,"column":54}},"110":{"start":{"line":359,"column":10},"end":{"line":361,"column":11}},"111":{"start":{"line":363,"column":10},"end":{"line":363,"column":36}},"112":{"start":{"line":365,"column":10},"end":{"line":365,"column":35}},"113":{"start":{"line":369,"column":10},"end":{"line":369,"column":32}},"114":{"start":{"line":374,"column":4},"end":{"line":376,"column":5}},"115":{"start":{"line":375,"column":6},"end":{"line":375,"column":38}},"116":{"start":{"line":378,"column":4},"end":{"line":378,"column":19}},"117":{"start":{"line":386,"column":9},"end":{"line":392,"column":3}},"118":{"start":{"line":387,"column":4},"end":{"line":391,"column":5}},"119":{"start":{"line":388,"column":6},"end":{"line":388,"column":33}},"120":{"start":{"line":390,"column":6},"end":{"line":390,"column":18}},"121":{"start":{"line":398,"column":9},"end":{"line":400,"column":3}},"122":{"start":{"line":399,"column":4},"end":{"line":399,"column":22}},"123":{"start":{"line":406,"column":9},"end":{"line":409,"column":3}},"124":{"start":{"line":408,"column":4},"end":{"line":408,"column":14}},"125":{"start":{"line":415,"column":9},"end":{"line":426,"column":3}},"126":{"start":{"line":416,"column":4},"end":{"line":423,"column":5}},"127":{"start":{"line":418,"column":8},"end":{"line":418,"column":28}},"128":{"start":{"line":419,"column":8},"end":{"line":419,"column":14}},"129":{"start":{"line":421,"column":7},"end":{"line":421,"column":26}},"130":{"start":{"line":422,"column":7},"end":{"line":422,"column":13}},"131":{"start":{"line":425,"column":4},"end":{"line":425,"column":22}},"132":{"start":{"line":432,"column":9},"end":{"line":470,"column":3}},"133":{"start":{"line":432,"column":14},"end":{"line":432,"column":55}},"134":{"start":{"line":433,"column":17},"end":{"line":433,"column":21}},"135":{"start":{"line":436,"column":22},"end":{"line":436,"column":62}},"136":{"start":{"line":439,"column":4},"end":{"line":457,"column":5}},"137":{"start":{"line":440,"column":6},"end":{"line":446,"column":9}},"138":{"start":{"line":450,"column":6},"end":{"line":456,"column":9}},"139":{"start":{"line":459,"column":4},"end":{"line":459,"column":49}},"140":{"start":{"line":460,"column":4},"end":{"line":469,"column":6}},"141":{"start":{"line":463,"column":8},"end":{"line":466,"column":9}},"142":{"start":{"line":465,"column":10},"end":{"line":465,"column":50}},"143":{"start":{"line":467,"column":8},"end":{"line":467,"column":38}},"144":{"start":{"line":476,"column":9},"end":{"line":489,"column":3}},"145":{"start":{"line":480,"column":4},"end":{"line":486,"column":7}},"146":{"start":{"line":487,"column":4},"end":{"line":487,"column":49}},"147":{"start":{"line":488,"column":4},"end":{"line":488,"column":27}},"148":{"start":{"line":495,"column":16},"end":{"line":529,"column":3}},"149":{"start":{"line":495,"column":2},"end":{"line":529,"column":2}},"150":{"start":{"line":499,"column":20},"end":{"line":499,"column":22}},"151":{"start":{"line":502,"column":4},"end":{"line":526,"column":7}},"152":{"start":{"line":503,"column":6},"end":{"line":509,"column":9}},"153":{"start":{"line":511,"column":6},"end":{"line":513,"column":7}},"154":{"start":{"line":512,"column":8},"end":{"line":512,"column":74}},"155":{"start":{"line":515,"column":6},"end":{"line":515,"column":51}},"156":{"start":{"line":516,"column":6},"end":{"line":525,"column":9}},"157":{"start":{"line":517,"column":8},"end":{"line":521,"column":9}},"158":{"start":{"line":518,"column":10},"end":{"line":518,"column":32}},"159":{"start":{"line":519,"column":10},"end":{"line":519,"column":79}},"160":{"start":{"line":520,"column":10},"end":{"line":520,"column":35}},"161":{"start":{"line":522,"column":8},"end":{"line":522,"column":27}},"162":{"start":{"line":524,"column":8},"end":{"line":524,"column":22}},"163":{"start":{"line":528,"column":4},"end":{"line":528,"column":28}},"164":{"start":{"line":537,"column":16},"end":{"line":567,"column":3}},"165":{"start":{"line":537,"column":2},"end":{"line":567,"column":2}},"166":{"start":{"line":538,"column":16},"end":{"line":538,"column":26}},"167":{"start":{"line":544,"column":4},"end":{"line":565,"column":7}},"168":{"start":{"line":545,"column":6},"end":{"line":551,"column":9}},"169":{"start":{"line":553,"column":6},"end":{"line":555,"column":7}},"170":{"start":{"line":554,"column":8},"end":{"line":554,"column":74}},"171":{"start":{"line":557,"column":6},"end":{"line":557,"column":51}},"172":{"start":{"line":558,"column":6},"end":{"line":564,"column":9}},"173":{"start":{"line":559,"column":8},"end":{"line":559,"column":30}},"174":{"start":{"line":560,"column":8},"end":{"line":560,"column":74}},"175":{"start":{"line":561,"column":8},"end":{"line":561,"column":26}},"176":{"start":{"line":563,"column":8},"end":{"line":563,"column":22}},"177":{"start":{"line":566,"column":4},"end":{"line":566,"column":27}},"178":{"start":{"line":29,"column":17},"end":{"line":29,"column":68}},"179":{"start":{"line":30,"column":17},"end":{"line":30,"column":54}},"180":{"start":{"line":31,"column":17},"end":{"line":31,"column":56}},"181":{"start":{"line":32,"column":17},"end":{"line":50,"column":3}},"182":{"start":{"line":568,"column":0},"end":{"line":568,"column":1}},"183":{"start":{"line":19,"column":13},"end":{"line":19,"column":19}}},"fnMap":{"0":{"name":"(anonymous_2)","decl":{"start":{"line":19,"column":0},"end":{"line":null,"column":-1}},"loc":{"start":{"line":19,"column":0},"end":{"line":19,"column":-1}}},"1":{"name":"Sdkzer","decl":{"start":{"line":59,"column":2},"end":{"line":59,"column":20}},"loc":{"start":{"line":59,"column":38},"end":{"line":70,"column":3}}},"2":{"name":"(anonymous_4)","decl":{"start":{"line":78,"column":3},"end":{"line":78,"column":26}},"loc":{"start":{"line":78,"column":55},"end":{"line":88,"column":4}}},"3":{"name":"(anonymous_5)","decl":{"start":{"line":94,"column":3},"end":{"line":null,"column":-1}},"loc":{"start":{"line":94,"column":3},"end":{"line":96,"column":4}}},"4":{"name":"(anonymous_6)","decl":{"start":{"line":102,"column":3},"end":{"line":null,"column":-1}},"loc":{"start":{"line":102,"column":3},"end":{"line":104,"column":4}}},"5":{"name":"(anonymous_7)","decl":{"start":{"line":110,"column":3},"end":{"line":null,"column":-1}},"loc":{"start":{"line":110,"column":3},"end":{"line":112,"column":4}}},"6":{"name":"(anonymous_8)","decl":{"start":{"line":119,"column":3},"end":{"line":119,"column":44}},"loc":{"start":{"line":119,"column":61},"end":{"line":125,"column":4}}},"7":{"name":"(anonymous_9)","decl":{"start":{"line":131,"column":2},"end":{"line":null,"column":-1}},"loc":{"start":{"line":131,"column":2},"end":{"line":138,"column":3}}},"8":{"name":"(anonymous_10)","decl":{"start":{"line":145,"column":2},"end":{"line":null,"column":-1}},"loc":{"start":{"line":145,"column":2},"end":{"line":147,"column":3}}},"9":{"name":"(anonymous_11)","decl":{"start":{"line":153,"column":2},"end":{"line":null,"column":-1}},"loc":{"start":{"line":153,"column":2},"end":{"line":161,"column":3}}},"10":{"name":"(anonymous_12)","decl":{"start":{"line":166,"column":2},"end":{"line":null,"column":-1}},"loc":{"start":{"line":166,"column":2},"end":{"line":183,"column":3}}},"11":{"name":"(anonymous_13)","decl":{"start":{"line":200,"column":3},"end":{"line":200,"column":14}},"loc":{"start":{"line":200,"column":45},"end":{"line":220,"column":4}}},"12":{"name":"(anonymous_14)","decl":{"start":{"line":232,"column":2},"end":{"line":null,"column":-1}},"loc":{"start":{"line":232,"column":2},"end":{"line":235,"column":3}}},"13":{"name":"(anonymous_15)","decl":{"start":{"line":243,"column":2},"end":{"line":null,"column":-1}},"loc":{"start":{"line":243,"column":2},"end":{"line":245,"column":3}}},"14":{"name":"(anonymous_16)","decl":{"start":{"line":253,"column":2},"end":{"line":null,"column":-1}},"loc":{"start":{"line":253,"column":2},"end":{"line":255,"column":3}}},"15":{"name":"(anonymous_17)","decl":{"start":{"line":261,"column":2},"end":{"line":null,"column":-1}},"loc":{"start":{"line":261,"column":2},"end":{"line":263,"column":3}}},"16":{"name":"(anonymous_18)","decl":{"start":{"line":269,"column":2},"end":{"line":269,"column":23}},"loc":{"start":{"line":269,"column":39},"end":{"line":279,"column":3}}},"17":{"name":"(anonymous_19)","decl":{"start":{"line":285,"column":2},"end":{"line":null,"column":-1}},"loc":{"start":{"line":285,"column":2},"end":{"line":301,"column":3}}},"18":{"name":"(anonymous_20)","decl":{"start":{"line":307,"column":2},"end":{"line":null,"column":-1}},"loc":{"start":{"line":307,"column":2},"end":{"line":316,"column":3}}},"19":{"name":"(anonymous_21)","decl":{"start":{"line":322,"column":2},"end":{"line":322,"column":18}},"loc":{"start":{"line":322,"column":34},"end":{"line":324,"column":3}}},"20":{"name":"(anonymous_22)","decl":{"start":{"line":330,"column":2},"end":{"line":330,"column":14}},"loc":{"start":{"line":330,"column":73},"end":{"line":379,"column":3}}},"21":{"name":"(anonymous_23)","decl":{"start":{"line":353,"column":8},"end":{"line":353,"column":8}},"loc":{"start":{"line":353,"column":17},"end":{"line":366,"column":9}}},"22":{"name":"(anonymous_24)","decl":{"start":{"line":368,"column":8},"end":{"line":368,"column":8}},"loc":{"start":{"line":368,"column":17},"end":{"line":370,"column":9}}},"23":{"name":"(anonymous_25)","decl":{"start":{"line":386,"column":2},"end":{"line":386,"column":15}},"loc":{"start":{"line":386,"column":50},"end":{"line":392,"column":3}}},"24":{"name":"(anonymous_26)","decl":{"start":{"line":398,"column":2},"end":{"line":null,"column":-1}},"loc":{"start":{"line":398,"column":2},"end":{"line":400,"column":3}}},"25":{"name":"(anonymous_27)","decl":{"start":{"line":406,"column":2},"end":{"line":null,"column":-1}},"loc":{"start":{"line":406,"column":2},"end":{"line":409,"column":3}}},"26":{"name":"(anonymous_28)","decl":{"start":{"line":415,"column":2},"end":{"line":415,"column":17}},"loc":{"start":{"line":415,"column":31},"end":{"line":426,"column":3}}},"27":{"name":"(anonymous_29)","decl":{"start":{"line":432,"column":2},"end":{"line":432,"column":13}},"loc":{"start":{"line":432,"column":55},"end":{"line":470,"column":3}}},"28":{"name":"(anonymous_30)","decl":{"start":{"line":462,"column":6},"end":{"line":462,"column":6}},"loc":{"start":{"line":462,"column":15},"end":{"line":468,"column":7}}},"29":{"name":"(anonymous_31)","decl":{"start":{"line":476,"column":2},"end":{"line":null,"column":-1}},"loc":{"start":{"line":476,"column":2},"end":{"line":489,"column":3}}},"30":{"name":"(anonymous_32)","decl":{"start":{"line":495,"column":2},"end":{"line":495,"column":26}},"loc":{"start":{"line":495,"column":59},"end":{"line":529,"column":3}}},"31":{"name":"(anonymous_33)","decl":{"start":{"line":502,"column":35},"end":{"line":502,"column":35}},"loc":{"start":{"line":502,"column":51},"end":{"line":526,"column":5}}},"32":{"name":"(anonymous_34)","decl":{"start":{"line":516,"column":27},"end":{"line":516,"column":27}},"loc":{"start":{"line":516,"column":36},"end":{"line":523,"column":7}}},"33":{"name":"(anonymous_35)","decl":{"start":{"line":523,"column":9},"end":{"line":523,"column":9}},"loc":{"start":{"line":523,"column":15},"end":{"line":525,"column":7}}},"34":{"name":"(anonymous_36)","decl":{"start":{"line":537,"column":2},"end":{"line":537,"column":24}},"loc":{"start":{"line":537,"column":69},"end":{"line":567,"column":3}}},"35":{"name":"(anonymous_37)","decl":{"start":{"line":544,"column":34},"end":{"line":544,"column":34}},"loc":{"start":{"line":544,"column":50},"end":{"line":565,"column":5}}},"36":{"name":"(anonymous_38)","decl":{"start":{"line":558,"column":27},"end":{"line":558,"column":27}},"loc":{"start":{"line":558,"column":36},"end":{"line":562,"column":7}}},"37":{"name":"(anonymous_39)","decl":{"start":{"line":562,"column":9},"end":{"line":562,"column":9}},"loc":{"start":{"line":562,"column":15},"end":{"line":564,"column":7}}}},"branchMap":{"0":{"loc":{"start":{"line":59,"column":21},"end":{"line":59,"column":38}},"type":"if","locations":[{"start":{"line":59,"column":21},"end":{"line":59,"column":38}},{"start":{"line":59,"column":21},"end":{"line":59,"column":38}}]},"1":{"loc":{"start":{"line":79,"column":5},"end":{"line":84,"column":6}},"type":"if","locations":[{"start":{"line":79,"column":5},"end":{"line":84,"column":6}},{"start":{"line":79,"column":5},"end":{"line":84,"column":6}}]},"2":{"loc":{"start":{"line":95,"column":57},"end":{"line":95,"column":61}},"type":"cond-expr","locations":[{"start":{"line":95,"column":57},"end":{"line":95,"column":61}},{"start":{"line":95,"column":64},"end":{"line":95,"column":69}}]},"3":{"loc":{"start":{"line":103,"column":57},"end":{"line":103,"column":61}},"type":"cond-expr","locations":[{"start":{"line":103,"column":57},"end":{"line":103,"column":61}},{"start":{"line":103,"column":64},"end":{"line":103,"column":69}}]},"4":{"loc":{"start":{"line":111,"column":58},"end":{"line":111,"column":62}},"type":"cond-expr","locations":[{"start":{"line":111,"column":58},"end":{"line":111,"column":62}},{"start":{"line":111,"column":65},"end":{"line":111,"column":70}}]},"5":{"loc":{"start":{"line":120,"column":5},"end":{"line":124,"column":6}},"type":"if","locations":[{"start":{"line":120,"column":5},"end":{"line":124,"column":6}},{"start":{"line":120,"column":5},"end":{"line":124,"column":6}}]},"6":{"loc":{"start":{"line":132,"column":4},"end":{"line":137,"column":5}},"type":"if","locations":[{"start":{"line":132,"column":4},"end":{"line":137,"column":5}},{"start":{"line":132,"column":4},"end":{"line":137,"column":5}}]},"7":{"loc":{"start":{"line":156,"column":6},"end":{"line":158,"column":7}},"type":"if","locations":[{"start":{"line":156,"column":6},"end":{"line":158,"column":7}},{"start":{"line":156,"column":6},"end":{"line":158,"column":7}}]},"8":{"loc":{"start":{"line":156,"column":10},"end":{"line":156,"column":40}},"type":"binary-expr","locations":[{"start":{"line":156,"column":10},"end":{"line":156,"column":40}},{"start":{"line":156,"column":44},"end":{"line":156,"column":85}}]},"9":{"loc":{"start":{"line":173,"column":8},"end":{"line":180,"column":9}},"type":"if","locations":[{"start":{"line":173,"column":8},"end":{"line":180,"column":9}},{"start":{"line":173,"column":8},"end":{"line":180,"column":9}}]},"10":{"loc":{"start":{"line":174,"column":10},"end":{"line":176,"column":11}},"type":"if","locations":[{"start":{"line":174,"column":10},"end":{"line":176,"column":11}},{"start":{"line":174,"column":10},"end":{"line":176,"column":11}}]},"11":{"loc":{"start":{"line":202,"column":5},"end":{"line":219,"column":6}},"type":"if","locations":[{"start":{"line":202,"column":5},"end":{"line":219,"column":6}},{"start":{"line":202,"column":5},"end":{"line":219,"column":6}}]},"12":{"loc":{"start":{"line":202,"column":9},"end":{"line":202,"column":31}},"type":"binary-expr","locations":[{"start":{"line":202,"column":9},"end":{"line":202,"column":31}},{"start":{"line":202,"column":35},"end":{"line":202,"column":54}}]},"13":{"loc":{"start":{"line":206,"column":89},"end":{"line":206,"column":102}},"type":"cond-expr","locations":[{"start":{"line":206,"column":89},"end":{"line":206,"column":102}},{"start":{"line":206,"column":105},"end":{"line":206,"column":110}}]},"14":{"loc":{"start":{"line":207,"column":12},"end":{"line":219,"column":6}},"type":"if","locations":[{"start":{"line":207,"column":12},"end":{"line":219,"column":6}},{"start":{"line":207,"column":12},"end":{"line":219,"column":6}}]},"15":{"loc":{"start":{"line":207,"column":16},"end":{"line":207,"column":38}},"type":"binary-expr","locations":[{"start":{"line":207,"column":16},"end":{"line":207,"column":38}},{"start":{"line":207,"column":42},"end":{"line":207,"column":61}}]},"16":{"loc":{"start":{"line":254,"column":72},"end":{"line":254,"column":77}},"type":"cond-expr","locations":[{"start":{"line":254,"column":72},"end":{"line":254,"column":77}},{"start":{"line":254,"column":80},"end":{"line":254,"column":84}}]},"17":{"loc":{"start":{"line":254,"column":13},"end":{"line":254,"column":38}},"type":"binary-expr","locations":[{"start":{"line":254,"column":13},"end":{"line":254,"column":38}},{"start":{"line":254,"column":42},"end":{"line":254,"column":68}}]},"18":{"loc":{"start":{"line":262,"column":45},"end":{"line":262,"column":49}},"type":"cond-expr","locations":[{"start":{"line":262,"column":45},"end":{"line":262,"column":49}},{"start":{"line":262,"column":52},"end":{"line":262,"column":57}}]},"19":{"loc":{"start":{"line":273,"column":6},"end":{"line":275,"column":7}},"type":"if","locations":[{"start":{"line":273,"column":6},"end":{"line":275,"column":7}},{"start":{"line":273,"column":6},"end":{"line":275,"column":7}}]},"20":{"loc":{"start":{"line":293,"column":8},"end":{"line":296,"column":9}},"type":"if","locations":[{"start":{"line":293,"column":8},"end":{"line":296,"column":9}},{"start":{"line":293,"column":8},"end":{"line":296,"column":9}}]},"21":{"loc":{"start":{"line":293,"column":12},"end":{"line":293,"column":33}},"type":"binary-expr","locations":[{"start":{"line":293,"column":12},"end":{"line":293,"column":33}},{"start":{"line":293,"column":37},"end":{"line":293,"column":67}},{"start":{"line":293,"column":71},"end":{"line":293,"column":126}}]},"22":{"loc":{"start":{"line":310,"column":6},"end":{"line":312,"column":7}},"type":"if","locations":[{"start":{"line":310,"column":6},"end":{"line":312,"column":7}},{"start":{"line":310,"column":6},"end":{"line":312,"column":7}}]},"23":{"loc":{"start":{"line":311,"column":57},"end":{"line":311,"column":77}},"type":"cond-expr","locations":[{"start":{"line":311,"column":57},"end":{"line":311,"column":77}},{"start":{"line":311,"column":80},"end":{"line":311,"column":84}}]},"24":{"loc":{"start":{"line":330,"column":49},"end":{"line":330,"column":73}},"type":"if","locations":[{"start":{"line":330,"column":49},"end":{"line":330,"column":73}},{"start":{"line":330,"column":49},"end":{"line":330,"column":73}}]},"25":{"loc":{"start":{"line":334,"column":4},"end":{"line":372,"column":5}},"type":"if","locations":[{"start":{"line":334,"column":4},"end":{"line":372,"column":5}},{"start":{"line":334,"column":4},"end":{"line":372,"column":5}}]},"26":{"loc":{"start":{"line":340,"column":50},"end":{"line":340,"column":77}},"type":"cond-expr","locations":[{"start":{"line":340,"column":50},"end":{"line":340,"column":77}},{"start":{"line":340,"column":80},"end":{"line":340,"column":82}}]},"27":{"loc":{"start":{"line":345,"column":6},"end":{"line":347,"column":7}},"type":"if","locations":[{"start":{"line":345,"column":6},"end":{"line":347,"column":7}},{"start":{"line":345,"column":6},"end":{"line":347,"column":7}}]},"28":{"loc":{"start":{"line":359,"column":10},"end":{"line":361,"column":11}},"type":"if","locations":[{"start":{"line":359,"column":10},"end":{"line":361,"column":11}},{"start":{"line":359,"column":10},"end":{"line":361,"column":11}}]},"29":{"loc":{"start":{"line":374,"column":4},"end":{"line":376,"column":5}},"type":"if","locations":[{"start":{"line":374,"column":4},"end":{"line":376,"column":5}},{"start":{"line":374,"column":4},"end":{"line":376,"column":5}}]},"30":{"loc":{"start":{"line":387,"column":4},"end":{"line":391,"column":5}},"type":"if","locations":[{"start":{"line":387,"column":4},"end":{"line":391,"column":5}},{"start":{"line":387,"column":4},"end":{"line":391,"column":5}}]},"31":{"loc":{"start":{"line":387,"column":8},"end":{"line":387,"column":30}},"type":"binary-expr","locations":[{"start":{"line":387,"column":8},"end":{"line":387,"column":30}},{"start":{"line":387,"column":34},"end":{"line":387,"column":53}}]},"32":{"loc":{"start":{"line":417,"column":6},"end":{"line":419,"column":14}},"type":"switch","locations":[{"start":{"line":417,"column":6},"end":{"line":419,"column":14}},{"start":{"line":420,"column":5},"end":{"line":422,"column":13}}]},"33":{"loc":{"start":{"line":432,"column":14},"end":{"line":432,"column":55}},"type":"if","locations":[{"start":{"line":432,"column":14},"end":{"line":432,"column":55}},{"start":{"line":432,"column":14},"end":{"line":432,"column":55}}]},"34":{"loc":{"start":{"line":436,"column":48},"end":{"line":436,"column":54}},"type":"cond-expr","locations":[{"start":{"line":436,"column":48},"end":{"line":436,"column":54}},{"start":{"line":436,"column":57},"end":{"line":436,"column":62}}]},"35":{"loc":{"start":{"line":439,"column":4},"end":{"line":457,"column":5}},"type":"if","locations":[{"start":{"line":439,"column":4},"end":{"line":457,"column":5}},{"start":{"line":439,"column":4},"end":{"line":457,"column":5}}]},"36":{"loc":{"start":{"line":443,"column":50},"end":{"line":443,"column":77}},"type":"cond-expr","locations":[{"start":{"line":443,"column":50},"end":{"line":443,"column":77}},{"start":{"line":443,"column":80},"end":{"line":443,"column":82}}]},"37":{"loc":{"start":{"line":453,"column":50},"end":{"line":453,"column":77}},"type":"cond-expr","locations":[{"start":{"line":453,"column":50},"end":{"line":453,"column":77}},{"start":{"line":453,"column":80},"end":{"line":453,"column":82}}]},"38":{"loc":{"start":{"line":463,"column":8},"end":{"line":466,"column":9}},"type":"if","locations":[{"start":{"line":463,"column":8},"end":{"line":466,"column":9}},{"start":{"line":463,"column":8},"end":{"line":466,"column":9}}]},"39":{"loc":{"start":{"line":483,"column":48},"end":{"line":483,"column":75}},"type":"cond-expr","locations":[{"start":{"line":483,"column":48},"end":{"line":483,"column":75}},{"start":{"line":483,"column":78},"end":{"line":483,"column":80}}]},"40":{"loc":{"start":{"line":506,"column":50},"end":{"line":506,"column":77}},"type":"cond-expr","locations":[{"start":{"line":506,"column":50},"end":{"line":506,"column":77}},{"start":{"line":506,"column":80},"end":{"line":506,"column":82}}]},"41":{"loc":{"start":{"line":511,"column":6},"end":{"line":513,"column":7}},"type":"if","locations":[{"start":{"line":511,"column":6},"end":{"line":513,"column":7}},{"start":{"line":511,"column":6},"end":{"line":513,"column":7}}]},"42":{"loc":{"start":{"line":548,"column":50},"end":{"line":548,"column":77}},"type":"cond-expr","locations":[{"start":{"line":548,"column":50},"end":{"line":548,"column":77}},{"start":{"line":548,"column":80},"end":{"line":548,"column":82}}]},"43":{"loc":{"start":{"line":553,"column":6},"end":{"line":555,"column":7}},"type":"if","locations":[{"start":{"line":553,"column":6},"end":{"line":555,"column":7}},{"start":{"line":553,"column":6},"end":{"line":555,"column":7}}]}},"s":{"0":2,"1":2,"2":92,"3":61,"4":61,"5":61,"6":61,"7":61,"8":61,"9":61,"10":40,"11":40,"12":2,"13":0,"14":0,"15":0,"16":0,"17":2,"18":0,"19":2,"20":0,"21":2,"22":0,"23":2,"24":0,"25":0,"26":0,"27":2,"28":62,"29":62,"30":62,"31":88,"32":2,"33":45,"34":2,"35":2,"36":2,"37":1,"38":1,"39":1,"40":1,"41":2,"42":3,"43":3,"44":3,"45":6,"46":6,"47":4,"48":4,"49":1,"50":1,"51":1,"52":3,"53":2,"54":7,"55":2,"56":2,"57":2,"58":5,"59":5,"60":5,"61":5,"62":1,"63":5,"64":0,"65":2,"66":1,"67":2,"68":0,"69":2,"70":3,"71":2,"72":2,"73":2,"74":2,"75":2,"76":1,"77":1,"78":1,"79":2,"80":6,"81":6,"82":6,"83":6,"84":13,"85":23,"86":3,"87":3,"88":6,"89":2,"90":3,"91":3,"92":6,"93":4,"94":3,"95":2,"96":1,"97":2,"98":16,"99":8,"100":8,"101":7,"102":7,"103":7,"104":1,"105":7,"106":7,"107":7,"108":6,"109":6,"110":6,"111":6,"112":6,"113":1,"114":8,"115":1,"116":8,"117":2,"118":14,"119":1,"120":13,"121":2,"122":4,"123":2,"124":0,"125":2,"126":4,"127":2,"128":2,"129":2,"130":2,"131":4,"132":2,"133":6,"134":3,"135":3,"136":3,"137":2,"138":1,"139":3,"140":3,"141":3,"142":2,"143":3,"144":2,"145":1,"146":1,"147":1,"148":2,"149":3,"150":3,"151":3,"152":3,"153":3,"154":1,"155":3,"156":3,"157":3,"158":9,"159":9,"160":9,"161":3,"162":0,"163":3,"164":2,"165":3,"166":3,"167":3,"168":3,"169":3,"170":1,"171":3,"172":3,"173":3,"174":3,"175":3,"176":0,"177":3,"178":2,"179":2,"180":2,"181":2,"182":2,"183":2},"f":{"0":2,"1":61,"2":0,"3":0,"4":0,"5":0,"6":0,"7":62,"8":45,"9":2,"10":3,"11":7,"12":1,"13":0,"14":3,"15":2,"16":2,"17":6,"18":3,"19":1,"20":8,"21":6,"22":1,"23":14,"24":4,"25":0,"26":4,"27":3,"28":3,"29":1,"30":3,"31":3,"32":3,"33":0,"34":3,"35":3,"36":3,"37":0},"b":{"0":[31,30],"1":[0,0],"2":[0,0],"3":[0,0],"4":[0,0],"5":[0,0],"6":[62,0],"7":[1,0],"8":[1,1],"9":[1,3],"10":[1,0],"11":[2,5],"12":[7,7],"13":[1,1],"14":[5,0],"15":[5,5],"16":[1,2],"17":[3,2],"18":[1,1],"19":[1,0],"20":[3,20],"21":[23,23,12],"22":[4,2],"23":[3,1],"24":[8,0],"25":[7,1],"26":[7,0],"27":[1,6],"28":[6,0],"29":[1,7],"30":[1,13],"31":[14,14],"32":[2,2],"33":[3,0],"34":[2,1],"35":[2,1],"36":[2,0],"37":[1,0],"38":[2,1],"39":[1,0],"40":[3,0],"41":[1,2],"42":[3,0],"43":[1,2]}}
,"/js/sdkzer/src/validation_rule.ts": {"path":"/js/sdkzer/src/validation_rule.ts","statementMap":{"0":{"start":{"line":12,"column":0},"end":{"line":55,"column":0}},"1":{"start":{"line":13,"column":12},"end":{"line":13,"column":49}},"2":{"start":{"line":17,"column":10},"end":{"line":17,"column":38}},"3":{"start":{"line":20,"column":4},"end":{"line":20,"column":25}},"4":{"start":{"line":21,"column":4},"end":{"line":21,"column":30}},"5":{"start":{"line":27,"column":2},"end":{"line":29,"column":3}},"6":{"start":{"line":28,"column":4},"end":{"line":28,"column":32}},"7":{"start":{"line":34,"column":9},"end":{"line":47,"column":3}},"8":{"start":{"line":35,"column":4},"end":{"line":35,"column":31}},"9":{"start":{"line":36,"column":4},"end":{"line":36,"column":27}},"10":{"start":{"line":39,"column":4},"end":{"line":39,"column":30}},"11":{"start":{"line":41,"column":4},"end":{"line":45,"column":5}},"12":{"start":{"line":42,"column":6},"end":{"line":44,"column":7}},"13":{"start":{"line":43,"column":8},"end":{"line":43,"column":21}},"14":{"start":{"line":46,"column":4},"end":{"line":46,"column":16}},"15":{"start":{"line":52,"column":9},"end":{"line":54,"column":3}},"16":{"start":{"line":53,"column":4},"end":{"line":53,"column":36}},"17":{"start":{"line":55,"column":0},"end":{"line":55,"column":1}},"18":{"start":{"line":12,"column":13},"end":{"line":12,"column":27}}},"fnMap":{"0":{"name":"(anonymous_2)","decl":{"start":{"line":12,"column":0},"end":{"line":null,"column":-1}},"loc":{"start":{"line":12,"column":0},"end":{"line":12,"column":-1}}},"1":{"name":"ValidationRule","decl":{"start":{"line":19,"column":2},"end":{"line":19,"column":13}},"loc":{"start":{"line":19,"column":25},"end":{"line":22,"column":3}}},"2":{"name":"(anonymous_4)","decl":{"start":{"line":27,"column":2},"end":{"line":null,"column":-1}},"loc":{"start":{"line":27,"column":2},"end":{"line":29,"column":3}}},"3":{"name":"(anonymous_5)","decl":{"start":{"line":34,"column":2},"end":{"line":34,"column":16}},"loc":{"start":{"line":34,"column":43},"end":{"line":47,"column":3}}},"4":{"name":"(anonymous_6)","decl":{"start":{"line":52,"column":2},"end":{"line":52,"column":26}},"loc":{"start":{"line":52,"column":41},"end":{"line":54,"column":3}}}},"branchMap":{"0":{"loc":{"start":{"line":42,"column":6},"end":{"line":44,"column":7}},"type":"if","locations":[{"start":{"line":42,"column":6},"end":{"line":44,"column":7}},{"start":{"line":42,"column":6},"end":{"line":44,"column":7}}]}},"s":{"0":2,"1":12,"2":12,"3":12,"4":12,"5":2,"6":1,"7":2,"8":7,"9":7,"10":7,"11":7,"12":12,"13":2,"14":5,"15":2,"16":3,"17":2,"18":2},"f":{"0":2,"1":12,"2":1,"3":7,"4":3},"b":{"0":[2,10]}}
}
