TN:
SF:src/howerest.sdkzer.ts
FN:39,(anonymous_7)
FN:58,(anonymous_8)
FN:66,(anonymous_9)
FN:80,(anonymous_10)
FN:89,(anonymous_11)
FN:103,(anonymous_12)
FN:142,(anonymous_13)
FN:174,(anonymous_14)
FN:184,(anonymous_15)
FN:194,(anonymous_16)
FN:202,(anonymous_17)
FN:210,(anonymous_18)
FN:226,(anonymous_19)
FN:248,(anonymous_20)
FN:263,(anonymous_21)
FN:271,(anonymous_22)
FN:324,(anonymous_24)
FN:333,(anonymous_25)
FN:341,(anonymous_26)
FN:349,(anonymous_27)
FN:358,(anonymous_28)
FN:377,(anonymous_29)
FN:425,(anonymous_31)
FN:452,(anonymous_33)
FN:459,(anonymous_35)
FN:459,(anonymous_36)
FN:500,(anonymous_37)
FN:506,(anonymous_38)
FN:506,(anonymous_39)
FN:537,qsToString
FN:573,(anonymous_41)
FN:574,(anonymous_42)
FN:576,(anonymous_43)
FN:580,(anonymous_44)
FN:584,(anonymous_45)
FN:587,(anonymous_46)
FN:589,(anonymous_47)
FNF:37
FNH:30
FNDA:67,(anonymous_7)
FNDA:1,(anonymous_8)
FNDA:68,(anonymous_9)
FNDA:51,(anonymous_10)
FNDA:2,(anonymous_11)
FNDA:4,(anonymous_12)
FNDA:10,(anonymous_13)
FNDA:1,(anonymous_14)
FNDA:1,(anonymous_15)
FNDA:2,(anonymous_16)
FNDA:2,(anonymous_17)
FNDA:2,(anonymous_18)
FNDA:6,(anonymous_19)
FNDA:3,(anonymous_20)
FNDA:1,(anonymous_21)
FNDA:9,(anonymous_22)
FNDA:19,(anonymous_24)
FNDA:3,(anonymous_25)
FNDA:1,(anonymous_26)
FNDA:2,(anonymous_27)
FNDA:3,(anonymous_28)
FNDA:4,(anonymous_29)
FNDA:2,(anonymous_31)
FNDA:4,(anonymous_33)
FNDA:4,(anonymous_35)
FNDA:4,(anonymous_36)
FNDA:4,(anonymous_37)
FNDA:4,(anonymous_38)
FNDA:4,(anonymous_39)
FNDA:9,qsToString
FNDA:0,(anonymous_41)
FNDA:0,(anonymous_42)
FNDA:0,(anonymous_43)
FNDA:0,(anonymous_44)
FNDA:0,(anonymous_45)
FNDA:0,(anonymous_46)
FNDA:0,(anonymous_47)
DA:20,2
DA:25,67
DA:26,67
DA:27,67
DA:30,2
DA:31,2
DA:40,67
DA:41,67
DA:43,67
DA:45,67
DA:47,53
DA:48,53
DA:59,1
DA:67,68
DA:68,68
DA:69,68
DA:70,94
DA:81,51
DA:90,2
DA:91,2
DA:92,3
DA:93,1
DA:96,1
DA:105,4
DA:107,4
DA:110,4
DA:111,6
DA:113,4
DA:114,1
DA:115,1
DA:118,1
DA:120,3
DA:144,10
DA:146,3
DA:147,3
DA:148,3
DA:149,7
DA:151,6
DA:152,6
DA:153,6
DA:154,2
DA:156,6
DA:160,1
DA:175,1
DA:185,1
DA:195,2
DA:203,2
DA:211,2
DA:213,2
DA:214,2
DA:215,1
DA:219,1
DA:227,6
DA:228,6
DA:229,6
DA:232,6
DA:233,16
DA:234,39
DA:235,4
DA:236,4
DA:241,6
DA:249,3
DA:250,3
DA:251,7
DA:252,6
DA:256,3
DA:264,1
DA:272,9
DA:275,9
DA:276,8
DA:278,8
DA:286,8
DA:287,1
DA:293,8
DA:294,8
DA:300,6
DA:302,6
DA:303,6
DA:307,6
DA:309,6
DA:310,6
DA:313,2
DA:314,2
DA:325,19
DA:334,3
DA:342,1
DA:350,2
DA:361,3
DA:363,2
DA:364,2
DA:366,1
DA:367,1
DA:370,3
DA:378,4
DA:381,4
DA:384,4
DA:385,2
DA:395,2
DA:404,4
DA:405,4
DA:410,3
DA:412,2
DA:414,3
DA:415,3
DA:417,1
DA:428,2
DA:436,2
DA:437,2
DA:443,1
DA:456,4
DA:459,4
DA:460,4
DA:467,4
DA:468,1
DA:474,4
DA:475,4
DA:479,3
DA:480,3
DA:481,9
DA:482,9
DA:483,9
DA:485,3
DA:487,1
DA:491,4
DA:501,4
DA:506,4
DA:507,4
DA:514,4
DA:515,1
DA:521,4
DA:522,4
DA:526,3
DA:527,3
DA:528,3
DA:530,1
DA:533,4
DA:538,9
DA:540,9
DA:541,1
DA:542,1
DA:543,1
DA:544,1
DA:545,2
DA:546,2
DA:547,2
DA:550,9
DA:573,2
DA:574,2
DA:575,2
DA:576,2
DA:579,2
DA:580,2
DA:583,2
DA:584,2
DA:587,2
DA:588,2
DA:589,2
LF:157
LH:157
BRDA:39,0,0,34
BRDA:59,1,0,1
BRDA:59,1,1,0
BRDA:67,2,0,68
BRDA:92,3,0,1
BRDA:92,4,0,3
BRDA:92,4,1,3
BRDA:107,5,0,4
BRDA:107,5,1,0
BRDA:113,6,0,1
BRDA:113,6,1,3
BRDA:114,7,0,1
BRDA:144,8,0,3
BRDA:144,8,1,7
BRDA:144,9,0,10
BRDA:144,9,1,9
BRDA:148,10,0,2
BRDA:148,10,1,1
BRDA:149,11,0,6
BRDA:149,11,1,1
BRDA:149,12,0,7
BRDA:149,12,1,6
BRDA:160,13,0,1
BRDA:160,13,1,0
BRDA:195,14,0,1
BRDA:195,14,1,1
BRDA:203,15,0,1
BRDA:203,15,1,1
BRDA:214,16,0,1
BRDA:234,17,0,4
BRDA:234,18,0,39
BRDA:234,18,1,39
BRDA:234,18,2,16
BRDA:251,19,0,6
BRDA:252,20,0,3
BRDA:252,20,1,3
BRDA:271,21,0,9
BRDA:275,22,0,8
BRDA:281,23,0,8
BRDA:281,23,1,0
BRDA:286,24,0,1
BRDA:294,25,0,8
BRDA:294,25,1,0
BRDA:303,26,0,6
BRDA:325,27,0,1
BRDA:325,27,1,18
BRDA:334,28,0,0
BRDA:334,28,1,3
BRDA:358,29,0,1
BRDA:361,30,0,2
BRDA:361,30,1,1
BRDA:377,31,0,4
BRDA:381,32,0,2
BRDA:381,32,1,2
BRDA:384,33,0,2
BRDA:384,33,1,2
BRDA:388,34,0,2
BRDA:388,34,1,0
BRDA:397,35,0,0
BRDA:397,35,1,2
BRDA:397,36,0,2
BRDA:397,36,1,0
BRDA:398,37,0,2
BRDA:398,37,1,0
BRDA:410,38,0,2
BRDA:431,39,0,2
BRDA:431,39,1,0
BRDA:462,40,0,1
BRDA:462,40,1,3
BRDA:462,41,0,4
BRDA:462,41,1,1
BRDA:463,42,0,4
BRDA:463,42,1,0
BRDA:467,43,0,1
BRDA:509,44,0,0
BRDA:509,44,1,4
BRDA:509,45,0,4
BRDA:509,45,1,1
BRDA:510,46,0,4
BRDA:510,46,1,0
BRDA:514,47,0,1
BRDA:540,48,0,1
BRDA:545,49,0,1
BRF:83
BRH:69
end_of_record
TN:
SF:src/validation_rule.ts
FN:19,(anonymous_0)
FN:27,(anonymous_1)
FN:34,(anonymous_2)
FN:52,(anonymous_3)
FNF:4
FNH:4
FNDA:24,(anonymous_0)
FNDA:1,(anonymous_1)
FNDA:30,(anonymous_2)
FNDA:20,(anonymous_3)
DA:12,8
DA:13,24
DA:17,24
DA:20,24
DA:21,24
DA:28,1
DA:35,30
DA:36,30
DA:39,30
DA:41,30
DA:42,35
DA:43,19
DA:46,11
DA:53,20
LF:14
LH:14
BRDA:42,0,0,19
BRF:1
BRH:1
end_of_record
