TN:
SF:/js/sdkzer/src/howerest.sdkzer.ts
FN:19,(anonymous_2)
FN:59,Sdkzer
FN:78,(anonymous_4)
FN:94,(anonymous_5)
FN:102,(anonymous_6)
FN:110,(anonymous_7)
FN:119,(anonymous_8)
FN:131,(anonymous_9)
FN:145,(anonymous_10)
FN:153,(anonymous_11)
FN:166,(anonymous_12)
FN:200,(anonymous_13)
FN:232,(anonymous_14)
FN:243,(anonymous_15)
FN:253,(anonymous_16)
FN:261,(anonymous_17)
FN:269,(anonymous_18)
FN:285,(anonymous_19)
FN:307,(anonymous_20)
FN:322,(anonymous_21)
FN:330,(anonymous_22)
FN:353,(anonymous_23)
FN:368,(anonymous_24)
FN:386,(anonymous_25)
FN:398,(anonymous_26)
FN:406,(anonymous_27)
FN:415,(anonymous_28)
FN:432,(anonymous_29)
FN:462,(anonymous_30)
FN:476,(anonymous_31)
FN:495,(anonymous_32)
FN:502,(anonymous_33)
FN:516,(anonymous_34)
FN:523,(anonymous_35)
FN:537,(anonymous_36)
FN:544,(anonymous_37)
FN:558,(anonymous_38)
FN:562,(anonymous_39)
FNF:38
FNH:29
FNDA:2,(anonymous_2)
FNDA:61,Sdkzer
FNDA:0,(anonymous_4)
FNDA:0,(anonymous_5)
FNDA:0,(anonymous_6)
FNDA:0,(anonymous_7)
FNDA:0,(anonymous_8)
FNDA:62,(anonymous_9)
FNDA:45,(anonymous_10)
FNDA:2,(anonymous_11)
FNDA:3,(anonymous_12)
FNDA:7,(anonymous_13)
FNDA:1,(anonymous_14)
FNDA:0,(anonymous_15)
FNDA:3,(anonymous_16)
FNDA:2,(anonymous_17)
FNDA:2,(anonymous_18)
FNDA:6,(anonymous_19)
FNDA:3,(anonymous_20)
FNDA:1,(anonymous_21)
FNDA:8,(anonymous_22)
FNDA:6,(anonymous_23)
FNDA:1,(anonymous_24)
FNDA:14,(anonymous_25)
FNDA:4,(anonymous_26)
FNDA:0,(anonymous_27)
FNDA:4,(anonymous_28)
FNDA:3,(anonymous_29)
FNDA:3,(anonymous_30)
FNDA:1,(anonymous_31)
FNDA:3,(anonymous_32)
FNDA:3,(anonymous_33)
FNDA:3,(anonymous_34)
FNDA:0,(anonymous_35)
FNDA:3,(anonymous_36)
FNDA:3,(anonymous_37)
FNDA:3,(anonymous_38)
FNDA:0,(anonymous_39)
DA:16,2
DA:19,2
DA:24,61
DA:25,61
DA:26,61
DA:29,2
DA:30,2
DA:31,2
DA:32,2
DA:59,92
DA:60,61
DA:61,61
DA:63,61
DA:65,61
DA:67,40
DA:68,40
DA:78,2
DA:79,0
DA:80,0
DA:81,0
DA:82,0
DA:94,2
DA:95,0
DA:102,2
DA:103,0
DA:110,2
DA:111,0
DA:119,2
DA:120,0
DA:121,0
DA:123,0
DA:131,2
DA:132,62
DA:133,62
DA:134,62
DA:135,88
DA:145,2
DA:146,45
DA:153,2
DA:154,2
DA:155,2
DA:156,1
DA:157,1
DA:160,1
DA:166,2
DA:167,3
DA:168,3
DA:171,6
DA:172,6
DA:173,4
DA:174,1
DA:175,1
DA:177,1
DA:179,3
DA:200,2
DA:202,7
DA:204,2
DA:205,2
DA:206,2
DA:207,5
DA:209,5
DA:210,5
DA:211,5
DA:212,1
DA:214,5
DA:218,0
DA:232,2
DA:234,1
DA:243,2
DA:244,0
DA:253,2
DA:254,3
DA:261,2
DA:262,2
DA:269,2
DA:270,2
DA:272,2
DA:273,1
DA:274,1
DA:278,1
DA:285,2
DA:286,6
DA:287,6
DA:288,6
DA:291,6
DA:292,13
DA:293,23
DA:294,3
DA:295,3
DA:300,6
DA:307,2
DA:308,3
DA:309,3
DA:310,6
DA:311,4
DA:315,3
DA:322,2
DA:323,1
DA:330,16
DA:331,8
DA:334,8
DA:335,7
DA:337,7
DA:345,7
DA:346,1
DA:349,7
DA:350,7
DA:351,7
DA:354,6
DA:357,6
DA:359,6
DA:363,6
DA:365,6
DA:369,1
DA:374,8
DA:375,1
DA:378,8
DA:386,2
DA:387,14
DA:388,1
DA:390,13
DA:398,2
DA:399,4
DA:406,2
DA:408,0
DA:415,2
DA:416,4
DA:418,2
DA:419,2
DA:421,2
DA:422,2
DA:425,4
DA:432,6
DA:433,3
DA:436,3
DA:439,3
DA:440,2
DA:450,1
DA:459,3
DA:460,3
DA:463,3
DA:465,2
DA:467,3
DA:476,2
DA:480,1
DA:487,1
DA:488,1
DA:495,3
DA:499,3
DA:502,3
DA:503,3
DA:511,3
DA:512,1
DA:515,3
DA:516,3
DA:517,3
DA:518,9
DA:519,9
DA:520,9
DA:522,3
DA:524,0
DA:528,3
DA:537,3
DA:538,3
DA:544,3
DA:545,3
DA:553,3
DA:554,1
DA:557,3
DA:558,3
DA:559,3
DA:560,3
DA:561,3
DA:563,0
DA:566,3
DA:568,2
LF:176
LH:161
BRDA:59,0,0,31
BRDA:59,0,1,30
BRDA:79,1,0,0
BRDA:79,1,1,0
BRDA:95,2,0,0
BRDA:95,2,1,0
BRDA:103,3,0,0
BRDA:103,3,1,0
BRDA:111,4,0,0
BRDA:111,4,1,0
BRDA:120,5,0,0
BRDA:120,5,1,0
BRDA:132,6,0,62
BRDA:132,6,1,0
BRDA:156,7,0,1
BRDA:156,7,1,0
BRDA:156,8,0,1
BRDA:156,8,1,1
BRDA:173,9,0,1
BRDA:173,9,1,3
BRDA:174,10,0,1
BRDA:174,10,1,0
BRDA:202,11,0,2
BRDA:202,11,1,5
BRDA:202,12,0,7
BRDA:202,12,1,7
BRDA:206,13,0,1
BRDA:206,13,1,1
BRDA:207,14,0,5
BRDA:207,14,1,0
BRDA:207,15,0,5
BRDA:207,15,1,5
BRDA:254,16,0,1
BRDA:254,16,1,2
BRDA:254,17,0,3
BRDA:254,17,1,2
BRDA:262,18,0,1
BRDA:262,18,1,1
BRDA:273,19,0,1
BRDA:273,19,1,0
BRDA:293,20,0,3
BRDA:293,20,1,20
BRDA:293,21,0,23
BRDA:293,21,1,23
BRDA:293,21,2,12
BRDA:310,22,0,4
BRDA:310,22,1,2
BRDA:311,23,0,3
BRDA:311,23,1,1
BRDA:330,24,0,8
BRDA:330,24,1,0
BRDA:334,25,0,7
BRDA:334,25,1,1
BRDA:340,26,0,7
BRDA:340,26,1,0
BRDA:345,27,0,1
BRDA:345,27,1,6
BRDA:359,28,0,6
BRDA:359,28,1,0
BRDA:374,29,0,1
BRDA:374,29,1,7
BRDA:387,30,0,1
BRDA:387,30,1,13
BRDA:387,31,0,14
BRDA:387,31,1,14
BRDA:417,32,0,2
BRDA:417,32,1,2
BRDA:432,33,0,3
BRDA:432,33,1,0
BRDA:436,34,0,2
BRDA:436,34,1,1
BRDA:439,35,0,2
BRDA:439,35,1,1
BRDA:443,36,0,2
BRDA:443,36,1,0
BRDA:453,37,0,1
BRDA:453,37,1,0
BRDA:463,38,0,2
BRDA:463,38,1,1
BRDA:483,39,0,1
BRDA:483,39,1,0
BRDA:506,40,0,3
BRDA:506,40,1,0
BRDA:511,41,0,1
BRDA:511,41,1,2
BRDA:548,42,0,3
BRDA:548,42,1,0
BRDA:553,43,0,1
BRDA:553,43,1,2
BRF:89
BRH:65
end_of_record
TN:
SF:/js/sdkzer/src/validation_rule.ts
FN:12,(anonymous_2)
FN:19,ValidationRule
FN:27,(anonymous_4)
FN:34,(anonymous_5)
FN:52,(anonymous_6)
FNF:5
FNH:5
FNDA:2,(anonymous_2)
FNDA:12,ValidationRule
FNDA:1,(anonymous_4)
FNDA:7,(anonymous_5)
FNDA:3,(anonymous_6)
DA:12,2
DA:13,12
DA:17,12
DA:20,12
DA:21,12
DA:27,2
DA:28,1
DA:34,2
DA:35,7
DA:36,7
DA:39,7
DA:41,7
DA:42,12
DA:43,2
DA:46,5
DA:52,2
DA:53,3
DA:55,2
LF:18
LH:18
BRDA:42,0,0,2
BRDA:42,0,1,10
BRF:2
BRH:2
end_of_record
